[0.000000] (-) TimerEvent: {}
[0.000138] (-) JobUnselected: {'identifier': 'robot_interfaces'}
[0.000166] (-) JobUnselected: {'identifier': 'webots_ros2_multi_agent'}
[0.000184] (-) JobUnselected: {'identifier': 'webots_ros2_turtlebot'}
[0.000202] (webots_ros2_mavic) JobQueued: {'identifier': 'webots_ros2_mavic', 'dependencies': OrderedDict([('robot_interfaces', '/home/arjun/SMART-LAB-ITAP-WEBOTS/install/robot_interfaces')])}
[0.000311] (webots_ros2_mavic) JobStarted: {'identifier': 'webots_ros2_mavic'}
[0.098268] (-) TimerEvent: {}
[0.198512] (-) TimerEvent: {}
[0.298768] (-) TimerEvent: {}
[0.398994] (-) TimerEvent: {}
[0.499317] (-) TimerEvent: {}
[0.548532] (webots_ros2_mavic) StderrLine: {'line': b'Traceback (most recent call last):\n  File "/usr/lib/python3/dist-packages/colcon_parallel_executor/executor/parallel.py", line 67, in execute\n    loop.run_until_complete(future)\n  File "/usr/lib/python3.10/asyncio/base_events.py", line 636, in run_until_complete\n    self.run_forever()\n  File "/usr/lib/python3.10/asyncio/base_events.py", line 603, in run_forever\n    self._run_once()\n  File "/usr/lib/python3.10/asyncio/base_events.py", line 1871, in _run_once\n    event_list = self._selector.select(timeout)\n  File "/usr/lib/python3.10/selectors.py", line 469, in select\n    fd_event_list = self._selector.poll(timeout, max_ev)\nKeyboardInterrupt\n\nDuring handling of the above exception, another exception occurred:\n\nTraceback (most recent call last):\n  File "/usr/lib/python3/dist-packages/colcon_core/executor/__init__.py", line 91, in __call__\n    rc = await self.task(*args, **kwargs)\n  File "/usr/lib/python3/dist-packages/colcon_core/task/__init__.py", line 93, in __call__\n    return await task_method(*args, **kwargs)\n  File "/usr/lib/python3/dist-packages/colcon_ros/task/ament_python/build.py", line 105, in build\n    return await extension.build(additional_hooks=additional_hooks)\n  File "/usr/lib/python3/dist-packages/colcon_core/task/python/build.py", line 81, in build\n    available_commands = await self._get_available_commands(\n  File "/usr/lib/python3/dist-packages/colcon_core/task/python/build.py", line 171, in _get_available_commands\n    output = await check_output(\n  File "/usr/lib/python3/dist-packages/colcon_core/subprocess.py", line 128, in check_output\n    assert not rc, f\'Expected {args} to pass: {stderr_data}\'\nAssertionError: Expected [\'/usr/bin/python3\', \'setup.py\', \'--help-commands\'] to pass: Traceback (most recent call last):\n  File "/home/arjun/SMART-LAB-ITAP-WEBOTS/webots_ros2_mavic/setup.py", line 3, in <module>\n    from setuptools import setup\n  File "/home/arjun/.local/lib/python3.10/site-packages/setuptools/__init__.py", line 16, in <module>\n    import setuptools.version\n  File "/home/arjun/.local/lib/python3.10/site-packages/setuptools/version.py", line 1, in <module>\n    import pkg_resources\n  File "/home/arjun/.local/lib/python3.10/site-packages/pkg_resources/__init__.py", line 3243, in <module>\n    def _initialize_master_working_set():\n  File "/home/arjun/.local/lib/python3.10/site-packages/pkg_resources/__init__.py", line 3226, in _call_aside\n    f(*args, **kwargs)\n  File "/home/arjun/.local/lib/python3.10/site-packages/pkg_resources/__init__.py", line 3255, in _initialize_master_working_set\n    working_set = WorkingSet._build_master()\n  File "/home/arjun/.local/lib/python3.10/site-packages/pkg_resources/__init__.py", line 559, in _build_master\n    ws = cls()\n  File "/home/arjun/.local/lib/python3.10/site-packages/pkg_resources/__init__.py", line 552, in __init__\n    self.add_entry(entry)\n  File "/home/arjun/.local/lib/python3.10/site-packages/pkg_resources/__init__.py", line 608, in add_entry\n    for dist in find_distributions(entry, True):\n  File "/home/arjun/.local/lib/python3.10/site-packages/pkg_resources/__init__.py", line 2063, in find_on_path\n    for dist in factory(fullpath):\n  File "/home/arjun/.local/lib/python3.10/site-packages/pkg_resources/__init__.py", line 2128, in distributions_from_metadata\n    yield Distribution.from_location(\n  File "/home/arjun/.local/lib/python3.10/site-packages/pkg_resources/__init__.py", line 2591, in from_location\n    )._reload_version()\n  File "/home/arjun/.local/lib/python3.10/site-packages/pkg_resources/__init__.py", line 2989, in _reload_version\n    md_version = self._get_version()\n  File "/home/arjun/.local/lib/python3.10/site-packages/pkg_resources/__init__.py", line 2770, in _get_version\n    version = _version_from_file(lines)\n  File "/home/arjun/.local/lib/python3.10/site-packages/pkg_resources/__init__.py", line 2554, in _version_from_file\n    line = next(iter(version_lines), \'\')\n  File "/home/arjun/.local/lib/python3.10/site-packages/pkg_resources/__init__.py", line 2765, in _get_metadata\n    for line in self.get_metadata_lines(name):\n  File "/home/arjun/.local/lib/python3.10/site-packages/pkg_resources/__init__.py", line 1417, in get_metadata_lines\n    return yield_lines(self.get_metadata(name))\n  File "/home/arjun/.local/lib/python3.10/site-packages/pkg_resources/__init__.py", line 1406, in get_metadata\n    path = self._get_metadata_path(name)\n  File "/home/arjun/.local/lib/python3.10/site-packages/pkg_resources/__init__.py", line 1394, in _get_metadata_path\n    return self._fn(self.egg_info, name)\n  File "/home/arjun/.local/lib/python3.10/site-packages/pkg_resources/__init__.py", line 1473, in _fn\n    self._validate_resource_path(resource_name)\n  File "/home/arjun/.local/lib/python3.10/site-packages/pkg_resources/__init__.py", line 1534, in _validate_resource_path\n    ntpath.isabs(path)\n  File "/usr/lib/python3.10/ntpath.py", line 96, in isabs\n    if s.replace(\'/\', \'\\\\\').startswith(\'\\\\\\\\?\\\\\'):\nKeyboardInterrupt\n\n'}
[0.548998] (webots_ros2_mavic) JobEnded: {'identifier': 'webots_ros2_mavic', 'rc': 'SIGINT'}
[0.558955] (-) EventReactorShutdown: {}
