[0.000000] (-) TimerEvent: {}
[0.000121] (-) JobUnselected: {'identifier': 'webots_ros2_epuck'}
[0.000416] (-) JobUnselected: {'identifier': 'webots_ros2_turtlebot'}
[0.000800] (webots_ros2_mavic) JobQueued: {'identifier': 'webots_ros2_mavic', 'dependencies': OrderedDict()}
[0.000844] (webots_ros2_mavic) JobStarted: {'identifier': 'webots_ros2_mavic'}
[0.099580] (-) TimerEvent: {}
[0.199821] (-) TimerEvent: {}
[0.300061] (-) TimerEvent: {}
[0.400320] (-) TimerEvent: {}
[0.500585] (-) TimerEvent: {}
[0.600893] (-) TimerEvent: {}
[0.674127] (webots_ros2_mavic) StderrLine: {'line': b'Traceback (most recent call last):\n  File "/usr/lib/python3/dist-packages/colcon_parallel_executor/executor/parallel.py", line 67, in execute\n    loop.run_until_complete(future)\n  File "/usr/lib/python3.10/asyncio/base_events.py", line 633, in run_until_complete\n    self.run_forever()\n  File "/usr/lib/python3.10/asyncio/base_events.py", line 600, in run_forever\n    self._run_once()\n  File "/usr/lib/python3.10/asyncio/base_events.py", line 1860, in _run_once\n    event_list = self._selector.select(timeout)\n  File "/usr/lib/python3.10/selectors.py", line 469, in select\n    fd_event_list = self._selector.poll(timeout, max_ev)\nKeyboardInterrupt\n\nDuring handling of the above exception, another exception occurred:\n\nTraceback (most recent call last):\n  File "/usr/lib/python3/dist-packages/colcon_core/executor/__init__.py", line 91, in __call__\n    rc = await self.task(*args, **kwargs)\n  File "/usr/lib/python3/dist-packages/colcon_core/task/__init__.py", line 93, in __call__\n    return await task_method(*args, **kwargs)\n  File "/usr/lib/python3/dist-packages/colcon_ros/task/ament_python/build.py", line 105, in build\n    return await extension.build(additional_hooks=additional_hooks)\n  File "/usr/lib/python3/dist-packages/colcon_core/task/python/build.py", line 81, in build\n    available_commands = await self._get_available_commands(\n  File "/usr/lib/python3/dist-packages/colcon_core/task/python/build.py", line 171, in _get_available_commands\n    output = await check_output(\n  File "/usr/lib/python3/dist-packages/colcon_core/subprocess.py", line 128, in check_output\n    assert not rc, f\'Expected {args} to pass: {stderr_data}\'\nAssertionError: Expected [\'/usr/bin/python3\', \'setup.py\', \'--help-commands\'] to pass: Traceback (most recent call last):\n  File "/home/arjun/SMART-LAB-ITAP-WEBOTS/webots_ros2_mavic/setup.py", line 19, in <module>\n    setup(\n  File "/home/arjun/.local/lib/python3.10/site-packages/setuptools/__init__.py", line 153, in setup\n    return distutils.core.setup(**attrs)\n  File "/usr/lib/python3.10/distutils/core.py", line 134, in setup\n    ok = dist.parse_command_line()\n  File "/usr/lib/python3.10/distutils/dist.py", line 480, in parse_command_line\n    if self.handle_display_options(option_order):\n  File "/home/arjun/.local/lib/python3.10/site-packages/setuptools/dist.py", line 1120, in handle_display_options\n    return _Distribution.handle_display_options(self, option_order)\n  File "/usr/lib/python3.10/distutils/dist.py", line 683, in handle_display_options\n    self.print_commands()\n  File "/home/arjun/.local/lib/python3.10/site-packages/setuptools/dist.py", line 896, in print_commands\n    cmdclass = ep.resolve()\n  File "/home/arjun/.local/lib/python3.10/site-packages/pkg_resources/__init__.py", line 2456, in resolve\n    module = __import__(self.module_name, fromlist=[\'__name__\'], level=0)\n  File "/usr/lib/python3/dist-packages/babel/__init__.py", line 20, in <module>\n    from babel.core import UnknownLocaleError, Locale, default_locale, \\\n  File "/usr/lib/python3/dist-packages/babel/core.py", line 14, in <module>\n    from babel import localedata\n  File "/usr/lib/python3/dist-packages/babel/localedata.py", line 19, in <module>\n    from babel._compat import pickle, string_types, abc\n  File "/usr/lib/python3/dist-packages/babel/_compat.py", line 74, in <module>\n    import decimal\n  File "/usr/lib/python3.10/decimal.py", line 3, in <module>\n    from _decimal import *\n  File "/usr/lib/python3.10/collections/__init__.py", line 414, in namedtuple\n    __new__ = eval(code, namespace)\n  File "<string>", line 1, in <module>\nKeyboardInterrupt\n\n'}
[0.674961] (webots_ros2_mavic) JobEnded: {'identifier': 'webots_ros2_mavic', 'rc': 'SIGINT'}
[0.685265] (-) EventReactorShutdown: {}
