[0.000000] (-) TimerEvent: {}
[0.000163] (-) JobUnselected: {'identifier': 'robot_interfaces'}
[0.000268] (-) JobUnselected: {'identifier': 'webots_ros2_multi_agent'}
[0.000289] (-) JobUnselected: {'identifier': 'webots_ros2_turtlebot'}
[0.000318] (webots_ros2_mavic) JobQueued: {'identifier': 'webots_ros2_mavic', 'dependencies': OrderedDict([('robot_interfaces', '/home/arjun/SMART-LAB-ITAP-WEBOTS/install/robot_interfaces')])}
[0.000348] (webots_ros2_mavic) JobStarted: {'identifier': 'webots_ros2_mavic'}
[0.099129] (-) TimerEvent: {}
[0.199367] (-) TimerEvent: {}
[0.299645] (-) TimerEvent: {}
[0.399942] (-) TimerEvent: {}
[0.500180] (-) TimerEvent: {}
[0.600436] (webots_ros2_mavic) Command: {'cmd': ['/usr/bin/python3', 'setup.py', 'egg_info', '--egg-base', '../build/webots_ros2_mavic', 'build', '--build-base', '/home/arjun/SMART-LAB-ITAP-WEBOTS/build/webots_ros2_mavic/build', 'install', '--record', '/home/arjun/SMART-LAB-ITAP-WEBOTS/build/webots_ros2_mavic/install.log', '--single-version-externally-managed'], 'cwd': '/home/arjun/SMART-LAB-ITAP-WEBOTS/webots_ros2_mavic', 'env': {'LESSOPEN': '| /usr/bin/lesspipe %s', 'USER': 'arjun', 'XDG_SESSION_TYPE': 'wayland', 'SHLVL': '1', 'LD_LIBRARY_PATH': '/home/arjun/SMART-LAB-ITAP-WEBOTS/install/robot_interfaces/lib:/usr/lib/x86_64-linux-gnu/gazebo-11/plugins:/opt/ros/humble/opt/rviz_ogre_vendor/lib:/opt/ros/humble/lib/x86_64-linux-gnu:/opt/ros/humble/lib', 'HOME': '/home/arjun', 'OLDPWD': '/home/arjun', 'DESKTOP_SESSION': 'ubuntu', 'ROS_PYTHON_VERSION': '3', 'GNOME_SHELL_SESSION_MODE': 'ubuntu', 'GTK_MODULES': 'gail:atk-bridge', 'SYSTEMD_EXEC_PID': '1785', 'DBUS_SESSION_BUS_ADDRESS': 'unix:path=/run/user/1000/bus', 'COLORTERM': 'truecolor', 'IM_CONFIG_PHASE': '1', 'WAYLAND_DISPLAY': 'wayland-0', 'COLCON_PREFIX_PATH': '/home/arjun/SMART-LAB-ITAP-WEBOTS/install', 'ROS_DISTRO': 'humble', 'LOGNAME': 'arjun', '_': '/usr/bin/colcon', 'ROS_VERSION': '2', 'XDG_SESSION_CLASS': 'user', 'USERNAME': 'arjun', 'TERM': 'xterm-256color', 'GNOME_DESKTOP_SESSION_ID': 'this-is-deprecated', 'ROS_LOCALHOST_ONLY': '0', 'PATH': '/opt/ros/humble/bin:/home/arjun/.local/bin:/usr/local/sbin:/usr/local/bin:/usr/sbin:/usr/bin:/sbin:/bin:/usr/games:/usr/local/games:/snap/bin:/snap/bin', 'SESSION_MANAGER': 'local/arjun-WS63-8SK:@/tmp/.ICE-unix/1767,unix/arjun-WS63-8SK:/tmp/.ICE-unix/1767', 'XDG_MENU_PREFIX': 'gnome-', 'GNOME_TERMINAL_SCREEN': '/org/gnome/Terminal/screen/94b7038c_2552_4e79_a4af_a1104ab00ac3', 'GNOME_SETUP_DISPLAY': ':1', 'XDG_RUNTIME_DIR': '/run/user/1000', 'DISPLAY': ':0', 'LANG': 'en_US.UTF-8', 'XDG_CURRENT_DESKTOP': 'ubuntu:GNOME', 'XMODIFIERS': '@im=ibus', 'XDG_SESSION_DESKTOP': 'ubuntu', 'XAUTHORITY': '/run/user/1000/.mutter-Xwaylandauth.MW9AD2', 'LS_COLORS': 'rs=0:di=01;34:ln=01;36:mh=00:pi=40;33:so=01;35:do=01;35:bd=40;33;01:cd=40;33;01:or=40;31;01:mi=00:su=37;41:sg=30;43:ca=30;41:tw=30;42:ow=34;42:st=37;44:ex=01;32:*.tar=01;31:*.tgz=01;31:*.arc=01;31:*.arj=01;31:*.taz=01;31:*.lha=01;31:*.lz4=01;31:*.lzh=01;31:*.lzma=01;31:*.tlz=01;31:*.txz=01;31:*.tzo=01;31:*.t7z=01;31:*.zip=01;31:*.z=01;31:*.dz=01;31:*.gz=01;31:*.lrz=01;31:*.lz=01;31:*.lzo=01;31:*.xz=01;31:*.zst=01;31:*.tzst=01;31:*.bz2=01;31:*.bz=01;31:*.tbz=01;31:*.tbz2=01;31:*.tz=01;31:*.deb=01;31:*.rpm=01;31:*.jar=01;31:*.war=01;31:*.ear=01;31:*.sar=01;31:*.rar=01;31:*.alz=01;31:*.ace=01;31:*.zoo=01;31:*.cpio=01;31:*.7z=01;31:*.rz=01;31:*.cab=01;31:*.wim=01;31:*.swm=01;31:*.dwm=01;31:*.esd=01;31:*.jpg=01;35:*.jpeg=01;35:*.mjpg=01;35:*.mjpeg=01;35:*.gif=01;35:*.bmp=01;35:*.pbm=01;35:*.pgm=01;35:*.ppm=01;35:*.tga=01;35:*.xbm=01;35:*.xpm=01;35:*.tif=01;35:*.tiff=01;35:*.png=01;35:*.svg=01;35:*.svgz=01;35:*.mng=01;35:*.pcx=01;35:*.mov=01;35:*.mpg=01;35:*.mpeg=01;35:*.m2v=01;35:*.mkv=01;35:*.webm=01;35:*.webp=01;35:*.ogm=01;35:*.mp4=01;35:*.m4v=01;35:*.mp4v=01;35:*.vob=01;35:*.qt=01;35:*.nuv=01;35:*.wmv=01;35:*.asf=01;35:*.rm=01;35:*.rmvb=01;35:*.flc=01;35:*.avi=01;35:*.fli=01;35:*.flv=01;35:*.gl=01;35:*.dl=01;35:*.xcf=01;35:*.xwd=01;35:*.yuv=01;35:*.cgm=01;35:*.emf=01;35:*.ogv=01;35:*.ogx=01;35:*.aac=00;36:*.au=00;36:*.flac=00;36:*.m4a=00;36:*.mid=00;36:*.midi=00;36:*.mka=00;36:*.mp3=00;36:*.mpc=00;36:*.ogg=00;36:*.ra=00;36:*.wav=00;36:*.oga=00;36:*.opus=00;36:*.spx=00;36:*.xspf=00;36:', 'GNOME_TERMINAL_SERVICE': ':1.159', 'SSH_AGENT_LAUNCHER': 'gnome-keyring', 'SSH_AUTH_SOCK': '/run/user/1000/keyring/ssh', 'AMENT_PREFIX_PATH': '/home/arjun/SMART-LAB-ITAP-WEBOTS/install/webots_ros2_turtlebot:/home/arjun/SMART-LAB-ITAP-WEBOTS/install/webots_ros2_multi_agent:/home/arjun/SMART-LAB-ITAP-WEBOTS/install/webots_ros2_mavic:/home/arjun/SMART-LAB-ITAP-WEBOTS/install/webots_ros2_epuck:/home/arjun/SMART-LAB-ITAP-WEBOTS/install/robot_interfaces:/opt/ros/humble', 'SHELL': '/bin/bash', 'QT_ACCESSIBILITY': '1', 'GDMSESSION': 'ubuntu', 'LESSCLOSE': '/usr/bin/lesspipe %s %s', 'QT_IM_MODULE': 'ibus', 'PWD': '/home/arjun/SMART-LAB-ITAP-WEBOTS/build/webots_ros2_mavic', 'LC_ALL': 'en_US.UTF-8', 'XDG_CONFIG_DIRS': '/etc/xdg/xdg-ubuntu:/etc/xdg', 'XDG_DATA_DIRS': '/usr/share/ubuntu:/usr/local/share/:/usr/share/:/var/lib/snapd/desktop', 'PYTHONPATH': '/home/arjun/SMART-LAB-ITAP-WEBOTS/build/webots_ros2_mavic/prefix_override:/home/arjun/SMART-LAB-ITAP-WEBOTS/install/webots_ros2_mavic/lib/python3.10/site-packages:/home/arjun/SMART-LAB-ITAP-WEBOTS/install/webots_ros2_turtlebot/lib/python3.10/site-packages:/home/arjun/SMART-LAB-ITAP-WEBOTS/install/webots_ros2_multi_agent/lib/python3.10/site-packages:/home/arjun/SMART-LAB-ITAP-WEBOTS/install/webots_ros2_mavic/lib/python3.10/site-packages:/home/arjun/SMART-LAB-ITAP-WEBOTS/install/webots_ros2_epuck/lib/python3.10/site-packages:/home/arjun/SMART-LAB-ITAP-WEBOTS/install/robot_interfaces/local/lib/python3.10/dist-packages:/opt/ros/humble/lib/python3.10/site-packages:/opt/ros/humble/local/lib/python3.10/dist-packages', 'COLCON': '1', 'VTE_VERSION': '6800', 'CMAKE_PREFIX_PATH': '/home/arjun/SMART-LAB-ITAP-WEBOTS/install/robot_interfaces'}, 'shell': False}
[0.601839] (-) TimerEvent: {}
[0.702463] (-) TimerEvent: {}
[0.802722] (-) TimerEvent: {}
[0.821899] (webots_ros2_mavic) StderrLine: {'line': b'Traceback (most recent call last):\n'}
[0.822141] (webots_ros2_mavic) StderrLine: {'line': b'  File "/home/arjun/.local/lib/python3.10/site-packages/pkg_resources/__init__.py", line 3016, in _dep_map\n'}
[0.854873] (webots_ros2_mavic) StderrLine: {'line': b'    return self.__dep_map\n'}
[0.855014] (webots_ros2_mavic) StderrLine: {'line': b'  File "/home/arjun/.local/lib/python3.10/site-packages/pkg_resources/__init__.py", line 2813, in __getattr__\n'}
[0.855243] (webots_ros2_mavic) StderrLine: {'line': b'    raise AttributeError(attr)\n'}
[0.855451] (webots_ros2_mavic) StderrLine: {'line': b'AttributeError: _DistInfoDistribution__dep_map\n'}
[0.855525] (webots_ros2_mavic) StderrLine: {'line': b'\n'}
[0.855583] (webots_ros2_mavic) StderrLine: {'line': b'During handling of the above exception, another exception occurred:\n'}
[0.855638] (webots_ros2_mavic) StderrLine: {'line': b'\n'}
[0.855692] (webots_ros2_mavic) StderrLine: {'line': b'Traceback (most recent call last):\n'}
[0.855746] (webots_ros2_mavic) StderrLine: {'line': b'  File "/home/arjun/.local/lib/python3.10/site-packages/pkg_resources/_vendor/pyparsing.py", line 3552, in parseImpl\n'}
[0.855910] (webots_ros2_mavic) StderrLine: {'line': b'    ret = e._parse( instring, loc, doActions )\n'}
[0.855996] (webots_ros2_mavic) StderrLine: {'line': b'  File "/home/arjun/.local/lib/python3.10/site-packages/pkg_resources/_vendor/pyparsing.py", line 1406, in _parseNoCache\n'}
[0.856139] (webots_ros2_mavic) StderrLine: {'line': b'    loc,tokens = self.parseImpl( instring, preloc, doActions )\n'}
[0.856225] (webots_ros2_mavic) StderrLine: {'line': b'  File "/home/arjun/.local/lib/python3.10/site-packages/pkg_resources/_vendor/pyparsing.py", line 2435, in parseImpl\n'}
[0.856521] (webots_ros2_mavic) StderrLine: {'line': b'    raise ParseException(instring, loc, self.errmsg, self)\n'}
[0.856628] (webots_ros2_mavic) StderrLine: {'line': b'pkg_resources._vendor.pyparsing.ParseException: Expected "platform_python_implementation" (at char 9), (line:1, col:10)\n'}
[0.856690] (webots_ros2_mavic) StderrLine: {'line': b'\n'}
[0.856757] (webots_ros2_mavic) StderrLine: {'line': b'During handling of the above exception, another exception occurred:\n'}
[0.856812] (webots_ros2_mavic) StderrLine: {'line': b'\n'}
[0.856867] (webots_ros2_mavic) StderrLine: {'line': b'Traceback (most recent call last):\n'}
[0.856921] (webots_ros2_mavic) StderrLine: {'line': b'  File "/home/arjun/SMART-LAB-ITAP-WEBOTS/webots_ros2_mavic/setup.py", line 22, in <module>\n'}
[0.856975] (webots_ros2_mavic) StderrLine: {'line': b'    setup(\n'}
[0.857029] (webots_ros2_mavic) StderrLine: {'line': b'  File "/home/arjun/.local/lib/python3.10/site-packages/setuptools/__init__.py", line 153, in setup\n'}
[0.873150] (webots_ros2_mavic) StderrLine: {'line': b'    return distutils.core.setup(**attrs)\n'}
[0.873290] (webots_ros2_mavic) StderrLine: {'line': b'  File "/usr/lib/python3.10/distutils/core.py", line 108, in setup\n'}
[0.887003] (webots_ros2_mavic) StderrLine: {'line': b'    _setup_distribution = dist = klass(attrs)\n'}
[0.887156] (webots_ros2_mavic) StderrLine: {'line': b'  File "/home/arjun/.local/lib/python3.10/site-packages/setuptools/dist.py", line 453, in __init__\n'}
[0.889137] (webots_ros2_mavic) StderrLine: {'line': b'    _Distribution.__init__(\n'}
[0.889289] (webots_ros2_mavic) StderrLine: {'line': b'  File "/usr/lib/python3.10/distutils/dist.py", line 292, in __init__\n'}
[0.889654] (webots_ros2_mavic) StderrLine: {'line': b'    self.finalize_options()\n'}
[0.889804] (webots_ros2_mavic) StderrLine: {'line': b'  File "/home/arjun/.local/lib/python3.10/site-packages/setuptools/dist.py", line 830, in finalize_options\n'}
[0.890035] (webots_ros2_mavic) StderrLine: {'line': b'    for ep in sorted(loaded, key=by_order):\n'}
[0.890157] (webots_ros2_mavic) StderrLine: {'line': b'  File "/home/arjun/.local/lib/python3.10/site-packages/setuptools/dist.py", line 829, in <lambda>\n'}
[0.890221] (webots_ros2_mavic) StderrLine: {'line': b'    loaded = map(lambda e: e.load(), filtered)\n'}
[0.890388] (webots_ros2_mavic) StderrLine: {'line': b'  File "/home/arjun/.local/lib/python3.10/site-packages/pkg_resources/__init__.py", line 2449, in load\n'}
[0.890470] (webots_ros2_mavic) StderrLine: {'line': b'    self.require(*args, **kwargs)\n'}
[0.890530] (webots_ros2_mavic) StderrLine: {'line': b'  File "/home/arjun/.local/lib/python3.10/site-packages/pkg_resources/__init__.py", line 2471, in require\n'}
[0.890654] (webots_ros2_mavic) StderrLine: {'line': b'    reqs = self.dist.requires(self.extras)\n'}
[0.890739] (webots_ros2_mavic) StderrLine: {'line': b'  File "/home/arjun/.local/lib/python3.10/site-packages/pkg_resources/__init__.py", line 2734, in requires\n'}
[0.890920] (webots_ros2_mavic) StderrLine: {'line': b'    dm = self._dep_map\n'}
[0.891005] (webots_ros2_mavic) StderrLine: {'line': b'  File "/home/arjun/.local/lib/python3.10/site-packages/pkg_resources/__init__.py", line 3018, in _dep_map\n'}
[0.891314] (webots_ros2_mavic) StderrLine: {'line': b'    self.__dep_map = self._compute_dependencies()\n'}
[0.891402] (webots_ros2_mavic) StderrLine: {'line': b'  File "/home/arjun/.local/lib/python3.10/site-packages/pkg_resources/__init__.py", line 3028, in _compute_dependencies\n'}
[0.891631] (webots_ros2_mavic) StderrLine: {'line': b'    reqs.extend(parse_requirements(req))\n'}
[0.891716] (webots_ros2_mavic) StderrLine: {'line': b'  File "/home/arjun/.local/lib/python3.10/site-packages/pkg_resources/__init__.py", line 3084, in parse_requirements\n'}
[0.891948] (webots_ros2_mavic) StderrLine: {'line': b'    yield Requirement(line)\n'}
[0.892034] (webots_ros2_mavic) StderrLine: {'line': b'  File "/home/arjun/.local/lib/python3.10/site-packages/pkg_resources/__init__.py", line 3094, in __init__\n'}
[0.892282] (webots_ros2_mavic) StderrLine: {'line': b'    super(Requirement, self).__init__(requirement_string)\n'}
[0.892376] (webots_ros2_mavic) StderrLine: {'line': b'  File "/home/arjun/.local/lib/python3.10/site-packages/pkg_resources/_vendor/packaging/requirements.py", line 98, in __init__\n'}
[0.902850] (-) TimerEvent: {}
[0.904680] (webots_ros2_mavic) StderrLine: {'line': b'    req = REQUIREMENT.parseString(requirement_string)\n'}
[0.904775] (webots_ros2_mavic) StderrLine: {'line': b'  File "/home/arjun/.local/lib/python3.10/site-packages/pkg_resources/_vendor/pyparsing.py", line 1644, in parseString\n'}
[0.904939] (webots_ros2_mavic) StderrLine: {'line': b'    loc, tokens = self._parse( instring, 0 )\n'}
[0.905025] (webots_ros2_mavic) StderrLine: {'line': b'  File "/home/arjun/.local/lib/python3.10/site-packages/pkg_resources/_vendor/pyparsing.py", line 1402, in _parseNoCache\n'}
[0.905166] (webots_ros2_mavic) StderrLine: {'line': b'    loc,tokens = self.parseImpl( instring, preloc, doActions )\n'}
[0.905252] (webots_ros2_mavic) StderrLine: {'line': b'  File "/home/arjun/.local/lib/python3.10/site-packages/pkg_resources/_vendor/pyparsing.py", line 3417, in parseImpl\n'}
[0.905659] (webots_ros2_mavic) StderrLine: {'line': b'    loc, exprtokens = e._parse( instring, loc, doActions )\n'}
[0.905746] (webots_ros2_mavic) StderrLine: {'line': b'  File "/home/arjun/.local/lib/python3.10/site-packages/pkg_resources/_vendor/pyparsing.py", line 1402, in _parseNoCache\n'}
[0.905885] (webots_ros2_mavic) StderrLine: {'line': b'    loc,tokens = self.parseImpl( instring, preloc, doActions )\n'}
[0.906001] (webots_ros2_mavic) StderrLine: {'line': b'  File "/home/arjun/.local/lib/python3.10/site-packages/pkg_resources/_vendor/pyparsing.py", line 3552, in parseImpl\n'}
[0.906441] (webots_ros2_mavic) StderrLine: {'line': b'    ret = e._parse( instring, loc, doActions )\n'}
[0.906527] (webots_ros2_mavic) StderrLine: {'line': b'  File "/home/arjun/.local/lib/python3.10/site-packages/pkg_resources/_vendor/pyparsing.py", line 1402, in _parseNoCache\n'}
[0.906676] (webots_ros2_mavic) StderrLine: {'line': b'    loc,tokens = self.parseImpl( instring, preloc, doActions )\n'}
[0.906761] (webots_ros2_mavic) StderrLine: {'line': b'  File "/home/arjun/.local/lib/python3.10/site-packages/pkg_resources/_vendor/pyparsing.py", line 3417, in parseImpl\n'}
[0.907211] (webots_ros2_mavic) StderrLine: {'line': b'    loc, exprtokens = e._parse( instring, loc, doActions )\n'}
[0.907312] (webots_ros2_mavic) StderrLine: {'line': b'  File "/home/arjun/.local/lib/python3.10/site-packages/pkg_resources/_vendor/pyparsing.py", line 1402, in _parseNoCache\n'}
[0.907463] (webots_ros2_mavic) StderrLine: {'line': b'    loc,tokens = self.parseImpl( instring, preloc, doActions )\n'}
[0.907549] (webots_ros2_mavic) StderrLine: {'line': b'  File "/home/arjun/.local/lib/python3.10/site-packages/pkg_resources/_vendor/pyparsing.py", line 4005, in parseImpl\n'}
[0.908039] (webots_ros2_mavic) StderrLine: {'line': b'    loc, tokens = self.expr._parse( instring, loc, doActions, callPreParse=False )\n'}
[0.908125] (webots_ros2_mavic) StderrLine: {'line': b'  File "/home/arjun/.local/lib/python3.10/site-packages/pkg_resources/_vendor/pyparsing.py", line 1402, in _parseNoCache\n'}
[0.908270] (webots_ros2_mavic) StderrLine: {'line': b'    loc,tokens = self.parseImpl( instring, preloc, doActions )\n'}
[0.908355] (webots_ros2_mavic) StderrLine: {'line': b'  File "/home/arjun/.local/lib/python3.10/site-packages/pkg_resources/_vendor/pyparsing.py", line 3417, in parseImpl\n'}
[0.908756] (webots_ros2_mavic) StderrLine: {'line': b'    loc, exprtokens = e._parse( instring, loc, doActions )\n'}
[0.908842] (webots_ros2_mavic) StderrLine: {'line': b'  File "/home/arjun/.local/lib/python3.10/site-packages/pkg_resources/_vendor/pyparsing.py", line 1428, in _parseNoCache\n'}
[0.908996] (webots_ros2_mavic) StderrLine: {'line': b'    tokens = fn( instring, tokensStart, retTokens )\n'}
[0.909081] (webots_ros2_mavic) StderrLine: {'line': b'  File "/home/arjun/.local/lib/python3.10/site-packages/pkg_resources/_vendor/pyparsing.py", line 1072, in wrapper\n'}
[0.909209] (webots_ros2_mavic) StderrLine: {'line': b'    ret = func(*args[limit[0]:])\n'}
[0.909296] (webots_ros2_mavic) StderrLine: {'line': b'  File "/home/arjun/.local/lib/python3.10/site-packages/pkg_resources/_vendor/packaging/requirements.py", line 66, in <lambda>\n'}
[0.909357] (webots_ros2_mavic) StderrLine: {'line': b'    lambda s, l, t: Marker(s[t._original_start : t._original_end])\n'}
[0.909422] (webots_ros2_mavic) StderrLine: {'line': b'  File "/home/arjun/.local/lib/python3.10/site-packages/pkg_resources/_vendor/packaging/markers.py", line 299, in __init__\n'}
[0.915855] (webots_ros2_mavic) StderrLine: {'line': b'    self._markers = _coerce_parse_result(MARKER.parseString(marker))\n'}
[0.916001] (webots_ros2_mavic) StderrLine: {'line': b'  File "/home/arjun/.local/lib/python3.10/site-packages/pkg_resources/_vendor/pyparsing.py", line 1644, in parseString\n'}
[0.916154] (webots_ros2_mavic) StderrLine: {'line': b'    loc, tokens = self._parse( instring, 0 )\n'}
[0.916250] (webots_ros2_mavic) StderrLine: {'line': b'  File "/home/arjun/.local/lib/python3.10/site-packages/pkg_resources/_vendor/pyparsing.py", line 1402, in _parseNoCache\n'}
[0.916392] (webots_ros2_mavic) StderrLine: {'line': b'    loc,tokens = self.parseImpl( instring, preloc, doActions )\n'}
[0.916485] (webots_ros2_mavic) StderrLine: {'line': b'  File "/home/arjun/.local/lib/python3.10/site-packages/pkg_resources/_vendor/pyparsing.py", line 3417, in parseImpl\n'}
[0.916872] (webots_ros2_mavic) StderrLine: {'line': b'    loc, exprtokens = e._parse( instring, loc, doActions )\n'}
[0.916958] (webots_ros2_mavic) StderrLine: {'line': b'  File "/home/arjun/.local/lib/python3.10/site-packages/pkg_resources/_vendor/pyparsing.py", line 1402, in _parseNoCache\n'}
[0.917088] (webots_ros2_mavic) StderrLine: {'line': b'    loc,tokens = self.parseImpl( instring, preloc, doActions )\n'}
[0.917174] (webots_ros2_mavic) StderrLine: {'line': b'  File "/home/arjun/.local/lib/python3.10/site-packages/pkg_resources/_vendor/pyparsing.py", line 3739, in parseImpl\n'}
[0.917647] (webots_ros2_mavic) StderrLine: {'line': b'    return self.expr._parse( instring, loc, doActions, callPreParse=False )\n'}
[0.917743] (webots_ros2_mavic) StderrLine: {'line': b'  File "/home/arjun/.local/lib/python3.10/site-packages/pkg_resources/_vendor/pyparsing.py", line 1402, in _parseNoCache\n'}
[0.917919] (webots_ros2_mavic) StderrLine: {'line': b'    loc,tokens = self.parseImpl( instring, preloc, doActions )\n'}
[0.918005] (webots_ros2_mavic) StderrLine: {'line': b'  File "/home/arjun/.local/lib/python3.10/site-packages/pkg_resources/_vendor/pyparsing.py", line 3400, in parseImpl\n'}
[0.918431] (webots_ros2_mavic) StderrLine: {'line': b'    loc, resultlist = self.exprs[0]._parse( instring, loc, doActions, callPreParse=False )\n'}
[0.918519] (webots_ros2_mavic) StderrLine: {'line': b'  File "/home/arjun/.local/lib/python3.10/site-packages/pkg_resources/_vendor/pyparsing.py", line 1402, in _parseNoCache\n'}
[0.918652] (webots_ros2_mavic) StderrLine: {'line': b'    loc,tokens = self.parseImpl( instring, preloc, doActions )\n'}
[0.918739] (webots_ros2_mavic) StderrLine: {'line': b'  File "/home/arjun/.local/lib/python3.10/site-packages/pkg_resources/_vendor/pyparsing.py", line 3552, in parseImpl\n'}
[0.919202] (webots_ros2_mavic) StderrLine: {'line': b'    ret = e._parse( instring, loc, doActions )\n'}
[0.919290] (webots_ros2_mavic) StderrLine: {'line': b'  File "/home/arjun/.local/lib/python3.10/site-packages/pkg_resources/_vendor/pyparsing.py", line 1402, in _parseNoCache\n'}
[0.919451] (webots_ros2_mavic) StderrLine: {'line': b'    loc,tokens = self.parseImpl( instring, preloc, doActions )\n'}
[0.919537] (webots_ros2_mavic) StderrLine: {'line': b'  File "/home/arjun/.local/lib/python3.10/site-packages/pkg_resources/_vendor/pyparsing.py", line 3739, in parseImpl\n'}
[0.919992] (webots_ros2_mavic) StderrLine: {'line': b'    return self.expr._parse( instring, loc, doActions, callPreParse=False )\n'}
[0.920077] (webots_ros2_mavic) StderrLine: {'line': b'  File "/home/arjun/.local/lib/python3.10/site-packages/pkg_resources/_vendor/pyparsing.py", line 1402, in _parseNoCache\n'}
[0.920213] (webots_ros2_mavic) StderrLine: {'line': b'    loc,tokens = self.parseImpl( instring, preloc, doActions )\n'}
[0.920313] (webots_ros2_mavic) StderrLine: {'line': b'  File "/home/arjun/.local/lib/python3.10/site-packages/pkg_resources/_vendor/pyparsing.py", line 3417, in parseImpl\n'}
[0.920701] (webots_ros2_mavic) StderrLine: {'line': b'    loc, exprtokens = e._parse( instring, loc, doActions )\n'}
[0.920786] (webots_ros2_mavic) StderrLine: {'line': b'  File "/home/arjun/.local/lib/python3.10/site-packages/pkg_resources/_vendor/pyparsing.py", line 1402, in _parseNoCache\n'}
[0.920923] (webots_ros2_mavic) StderrLine: {'line': b'    loc,tokens = self.parseImpl( instring, preloc, doActions )\n'}
[0.921008] (webots_ros2_mavic) StderrLine: {'line': b'  File "/home/arjun/.local/lib/python3.10/site-packages/pkg_resources/_vendor/pyparsing.py", line 3552, in parseImpl\n'}
[0.921436] (webots_ros2_mavic) StderrLine: {'line': b'    ret = e._parse( instring, loc, doActions )\n'}
[0.921522] (webots_ros2_mavic) StderrLine: {'line': b'  File "/home/arjun/.local/lib/python3.10/site-packages/pkg_resources/_vendor/pyparsing.py", line 1402, in _parseNoCache\n'}
[0.921657] (webots_ros2_mavic) StderrLine: {'line': b'    loc,tokens = self.parseImpl( instring, preloc, doActions )\n'}
[0.921762] (webots_ros2_mavic) StderrLine: {'line': b'  File "/home/arjun/.local/lib/python3.10/site-packages/pkg_resources/_vendor/pyparsing.py", line 3552, in parseImpl\n'}
[0.922204] (webots_ros2_mavic) StderrLine: {'line': b'    ret = e._parse( instring, loc, doActions )\n'}
[0.922289] (webots_ros2_mavic) StderrLine: {'line': b'KeyboardInterrupt\n'}
[0.937308] (webots_ros2_mavic) CommandEnded: {'returncode': -2}
[0.937710] (webots_ros2_mavic) JobEnded: {'identifier': 'webots_ros2_mavic', 'rc': 'SIGINT'}
[0.947818] (-) EventReactorShutdown: {}
